<?xml version="1.0" encoding="UTF-8" ?>
<testsuite tests="4" failures="0" name="MainTest" time="0.041" errors="0" skipped="0">
  <properties>
[...]
</properties>
  <testcase classname="MainTest" name="test_human_readable_format_0_byte" time="0.025"/>
  <testcase classname="MainTest" name="test_get_size_package" time="0.013"/>
  <testcase classname="MainTest" name="test_human_readable_format_500_byte" time="0"/>
  <testcase classname="MainTest" name="test_human_readable_format_100_milliard_byte" time="0.003"/>
</testsuite>